<?xml version="1.0" encoding="UTF-8"?>
<testng-results ignored="0" total="2" passed="2" failed="0" skipped="0">
  <reporter-output>
  </reporter-output>
  <suite started-at="2025-06-24T10:31:58 IST" name="Suite" finished-at="2025-06-24T10:31:58 IST" duration-ms="77">
    <groups>
    </groups>
    <test started-at="2025-06-24T10:31:58 IST" name="Test" finished-at="2025-06-24T10:31:58 IST" duration-ms="77">
      <class name="com.comcast.crm.orgTest.createOrganizationTest">
        <test-method signature="createOrganizationMainTest()[pri:0, instance:com.comcast.crm.orgTest.createOrganizationTest@7a35b0f5]" started-at="2025-06-24T10:31:58 IST" name="createOrganizationMainTest" finished-at="2025-06-24T10:31:58 IST" duration-ms="17" status="PASS">
          <reporter-output>
          </reporter-output>
        </test-method> <!-- createOrganizationMainTest -->
      </class> <!-- com.comcast.crm.orgTest.createOrganizationTest -->
      <class name="com.comcast.crm.orgTest.DeleteOrgTest">
        <test-method signature="createAndDeleterg()[pri:0, instance:com.comcast.crm.orgTest.DeleteOrgTest@1caa0244]" started-at="2025-06-24T10:31:58 IST" name="createAndDeleterg" finished-at="2025-06-24T10:31:58 IST" duration-ms="3" status="PASS">
          <reporter-output>
          </reporter-output>
        </test-method> <!-- createAndDeleterg -->
      </class> <!-- com.comcast.crm.orgTest.DeleteOrgTest -->
    </test> <!-- Test -->
  </suite> <!-- Suite -->
</testng-results>
