<?xml version="1.0" encoding="UTF-8"?>
<testng-results ignored="0" total="1" passed="1" failed="0" skipped="0">
  <reporter-output>
  </reporter-output>
  <suite started-at="2025-06-18T16:59:35 IST" name="Default suite" finished-at="2025-06-18T17:00:01 IST" duration-ms="26703">
    <groups>
    </groups>
    <test started-at="2025-06-18T16:59:35 IST" name="Default test" finished-at="2025-06-18T17:00:01 IST" duration-ms="26703">
      <class name="practice.selfTast">
        <test-method signature="task4()[pri:0, instance:practice.selfTast@6771beb3]" started-at="2025-06-18T16:59:35 IST" name="task4" finished-at="2025-06-18T17:00:01 IST" duration-ms="26606" status="PASS">
          <reporter-output>
          </reporter-output>
        </test-method> <!-- task4 -->
      </class> <!-- practice.selfTast -->
    </test> <!-- Default test -->
  </suite> <!-- Default suite -->
</testng-results>
